
Circuit 1 cell sky130_fd_pr__nfet_01v8 and Circuit 2 cell sky130_fd_pr__nfet_01v8 are black boxes.
Equate elements:  no current cell.
Device classes sky130_fd_pr__nfet_01v8 and sky130_fd_pr__nfet_01v8 are equivalent.

Circuit 1 cell sky130_fd_pr__pfet_01v8 and Circuit 2 cell sky130_fd_pr__pfet_01v8 are black boxes.
Equate elements:  no current cell.
Device classes sky130_fd_pr__pfet_01v8 and sky130_fd_pr__pfet_01v8 are equivalent.
Flattening unmatched subcell differential_amplifier in circuit top_differential_amplifier.spice (1)(1 instance)

Class differential_amplifier.spice (0):  Merged 35 parallel devices.
Class top_differential_amplifier.spice (1):  Merged 31 parallel devices.
Subcircuit summary:
Circuit 1: differential_amplifier.spice    |Circuit 2: top_differential_amplifier.spic 
-------------------------------------------|-------------------------------------------
sky130_fd_pr__pfet_01v8 (20->6)            |sky130_fd_pr__pfet_01v8 (20->8) **Mismatch 
sky130_fd_pr__nfet_01v8 (31->10)           |sky130_fd_pr__nfet_01v8 (32->13) **Mismatc 
Number of devices: 16 **Mismatch**         |Number of devices: 21 **Mismatch**         
Number of nets: 17 **Mismatch**            |Number of nets: 19 **Mismatch**            
---------------------------------------------------------------------------------------
NET mismatches: Class fragments follow (with fanout counts):
Circuit 1: differential_amplifier.spice    |Circuit 2: top_differential_amplifier.spic 

---------------------------------------------------------------------------------------
Net: VDD                                   |Net: /differential_amplifier_0/a_680_n1710 
  sky130_fd_pr__pfet_01v8/4 = 4            |  sky130_fd_pr__pfet_01v8/(1|3) = 1        
                                           |  sky130_fd_pr__nfet_01v8/2 = 2            
                                           |  sky130_fd_pr__nfet_01v8/(1|3) = 1        
                                           |                                           
Net: net1                                  |Net: /differential_amplifier_0/a_2700_n720 
  sky130_fd_pr__pfet_01v8/(1|3) = 2        |  sky130_fd_pr__nfet_01v8/2 = 1            
  sky130_fd_pr__nfet_01v8/(1|3) = 2        |                                           
                                           |                                           
Net: VP                                    |Net: VP                                    
  sky130_fd_pr__pfet_01v8/(1|3) = 4        |  sky130_fd_pr__pfet_01v8/(1|3) = 4        
  sky130_fd_pr__pfet_01v8/2 = 2            |  sky130_fd_pr__pfet_01v8/2 = 4            
  sky130_fd_pr__pfet_01v8/4 = 2            |  sky130_fd_pr__pfet_01v8/4 = 8            
                                           |                                           
Net: VN                                    |Net: VN                                    
  sky130_fd_pr__nfet_01v8/2 = 3            |  sky130_fd_pr__nfet_01v8/2 = 4            
  sky130_fd_pr__nfet_01v8/(1|3) = 7        |  sky130_fd_pr__nfet_01v8/(1|3) = 9        
  sky130_fd_pr__nfet_01v8/4 = 3            |  sky130_fd_pr__nfet_01v8/4 = 13           
                                           |                                           
Net: net3                                  |Net: VOUT                                  
  sky130_fd_pr__pfet_01v8/(1|3) = 1        |  sky130_fd_pr__pfet_01v8/(1|3) = 3        
  sky130_fd_pr__nfet_01v8/(1|3) = 1        |  sky130_fd_pr__nfet_01v8/(1|3) = 2        
  sky130_fd_pr__nfet_01v8/2 = 2            |                                           
                                           |                                           
Net: GND                                   |Net: /differential_amplifier_0/a_520_n410# 
  sky130_fd_pr__nfet_01v8/4 = 7            |  sky130_fd_pr__nfet_01v8/(1|3) = 3        
                                           |  sky130_fd_pr__pfet_01v8/(1|3) = 2        
                                           |                                           
Net: net2                                  |Net: /differential_amplifier_0/a_120_n410# 
  sky130_fd_pr__pfet_01v8/(1|3) = 3        |  sky130_fd_pr__nfet_01v8/(1|3) = 1        
  sky130_fd_pr__nfet_01v8/(1|3) = 1        |  sky130_fd_pr__pfet_01v8/(1|3) = 4        
---------------------------------------------------------------------------------------

---------------------------------------------------------------------------------------
Net: net5                                  |Net: /differential_amplifier_0/a_1640_n291 
  sky130_fd_pr__nfet_01v8/(1|3) = 3        |  sky130_fd_pr__nfet_01v8/(1|3) = 3        
                                           |                                           
Net: VOUT                                  |Net: VCN                                   
  sky130_fd_pr__pfet_01v8/(1|3) = 2        |  sky130_fd_pr__nfet_01v8/2 = 3            
  sky130_fd_pr__nfet_01v8/(1|3) = 1        |                                           
---------------------------------------------------------------------------------------

---------------------------------------------------------------------------------------
Net: VCP                                   |Net: VCP                                   
  sky130_fd_pr__pfet_01v8/2 = 2            |  sky130_fd_pr__pfet_01v8/2 = 2            
                                           |                                           
Net: VBP                                   |Net: VBP                                   
  sky130_fd_pr__pfet_01v8/2 = 2            |  sky130_fd_pr__pfet_01v8/2 = 2            
                                           |                                           
Net: VCN                                   |(no matching net)                          
  sky130_fd_pr__nfet_01v8/2 = 2            |                                           
                                           |                                           
Net: net6                                  |(no matching net)                          
  sky130_fd_pr__nfet_01v8/(1|3) = 2        |                                           
---------------------------------------------------------------------------------------
DEVICE mismatches: Class fragments follow (with node fanout counts):
Circuit 1: differential_amplifier.spice    |Circuit 2: top_differential_amplifier.spic 

---------------------------------------------------------------------------------------
Instance: sky130_fd_pr__pfet_01v8:M3b      |Instance: differential_amplifier_0/sky130_ 
  (1,3) = (8,4)                            |  (1,3) = (5,4)                            
  2 = 2                                    |  2 = 2                                    
  4 = 4                                    |  4 = 16                                   
                                           |                                           
Instance: sky130_fd_pr__pfet_01v8:M3a      |Instance: differential_amplifier_0/sky130_ 
  (1,3) = (8,4)                            |  (1,3) = (5,5)                            
  2 = 2                                    |  2 = 2                                    
  4 = 4                                    |  4 = 16                                   
                                           |                                           
Instance: sky130_fd_pr__pfet_01v8:M3       |Instance: differential_amplifier_0/sky130_ 
  (1,3) = (4,4)                            |  (1,3) = (16,5)                           
  2 = 2                                    |  2 = 2                                    
  4 = 4                                    |  4 = 16                                   
                                           |                                           
Instance: sky130_fd_pr__pfet_01v8:M1e      |Instance: differential_amplifier_0/sky130_ 
  (1,3) = (8,4)                            |  (1,3) = (16,5)                           
  2 = 8                                    |  2 = 2                                    
  4 = 8                                    |  4 = 16                                   
                                           |                                           
Instance: sky130_fd_pr__pfet_01v8:M1       |Instance: differential_amplifier_0/sky130_ 
  (1,3) = (4,3)                            |  (1,3) = (16,5)                           
  2 = 2                                    |  2 = 16                                   
  4 = 4                                    |  4 = 16                                   
                                           |                                           
Instance: sky130_fd_pr__pfet_01v8:M8       |Instance: differential_amplifier_0/sky130_ 
  (1,3) = (8,3)                            |  (1,3) = (16,5)                           
  2 = 8                                    |  2 = 16                                   
  4 = 8                                    |  4 = 16                                   
                                           |                                           
Instance: sky130_fd_pr__nfet_01v8:M22      |Instance: differential_amplifier_0/sky130_ 
  (1,3) = (13,4)                           |  (1,3) = (26,5)                           
  2 = 13                                   |  2 = 26                                   
  4 = 13                                   |  4 = 26                                   
                                           |                                           
Instance: sky130_fd_pr__nfet_01v8:M34      |Instance: differential_amplifier_0/sky130_ 
  (1,3) = (13,13)                          |  (1,3) = (26,26)                          
  2 = 13                                   |  2 = 26                                   
  4 = 13                                   |  4 = 26                                   
                                           |                                           
Instance: sky130_fd_pr__nfet_01v8:M29      |Instance: differential_amplifier_0/sky130_ 
  (1,3) = (4,2)                            |  (1,3) = (26,5)                           
  2 = 2                                    |  2 = 1                                    
  4 = 7                                    |  4 = 26                                   
                                           |                                           
Instance: sky130_fd_pr__nfet_01v8:M31      |Instance: differential_amplifier_0/sky130_ 
  (1,3) = (3,3)                            |  (1,3) = (5,3)                            
  2 = 2                                    |  2 = 3                                    
  4 = 7                                    |  4 = 26                                   
                                           |                                           
Instance: sky130_fd_pr__nfet_01v8:M35      |(no matching instance)                     
  (1,3) = (13,2)                           |                                           
  2 = 4                                    |                                           
  4 = 7                                    |                                           
                                           |                                           
---------------------------------------------------------------------------------------
Netlists do not match.
Cells have no pins;  pin matching not needed.
Device classes differential_amplifier.spice and top_differential_amplifier.spice are equivalent.

Final result: Netlists do not match.
