
Circuit 1 cell sky130_fd_pr__nfet_01v8 and Circuit 2 cell sky130_fd_pr__nfet_01v8 are black boxes.
Equate elements:  no current cell.
Device classes sky130_fd_pr__nfet_01v8 and sky130_fd_pr__nfet_01v8 are equivalent.

Circuit 1 cell sky130_fd_pr__pfet_01v8 and Circuit 2 cell sky130_fd_pr__pfet_01v8 are black boxes.
Equate elements:  no current cell.
Device classes sky130_fd_pr__pfet_01v8 and sky130_fd_pr__pfet_01v8 are equivalent.
Flattening unmatched subcell bias_generator in circuit top_bias_generator.spice (1)(1 instance)

Class bias_generator_lds.spice (0):  Merged 31 parallel devices.
Class top_bias_generator.spice (1):  Merged 31 parallel devices.
Subcircuit summary:
Circuit 1: bias_generator_lds.spice        |Circuit 2: top_bias_generator.spice        
-------------------------------------------|-------------------------------------------
sky130_fd_pr__pfet_01v8 (38->19)           |sky130_fd_pr__pfet_01v8 (38->19)           
sky130_fd_pr__nfet_01v8 (29->17)           |sky130_fd_pr__nfet_01v8 (29->17)           
Number of devices: 36                      |Number of devices: 36                      
Number of nets: 26                         |Number of nets: 26                         
---------------------------------------------------------------------------------------
Resolving symmetries by property value.
Resolving symmetries by pin name.
Netlists match with 18 symmetries.
Cells have no pins;  pin matching not needed.
Device classes bias_generator_lds.spice and top_bias_generator.spice are equivalent.

Final result: Circuits match uniquely.
.
